INFO	2011-12-02 12:07:52,167	main	com.ning.atlas.ActualDeployment	starting provision
INFO	2011-12-02 12:07:52,167	main	com.ning.atlas.ActualDeployment	provisioning noop:happy for /root.0/child.a
INFO	2011-12-02 12:07:52,168	main	com.ning.atlas.ActualDeployment	provisioning noop:happy for /root.0/child.b
INFO	2011-12-02 12:07:52,168	main	com.ning.atlas.ActualDeployment	finished provision
INFO	2011-12-02 12:07:52,168	main	com.ning.atlas.ActualDeployment	starting init
INFO	2011-12-02 12:07:52,171	pool-4-thread-1	com.ning.atlas.ActualDeployment	installing on /root.0/child.a : [(foo:init,com.ning.atlas.noop.NoOpInstaller@576504fa)]
INFO	2011-12-02 12:07:52,171	pool-4-thread-2	com.ning.atlas.ActualDeployment	installing on /root.0/child.b : [(foo:init,com.ning.atlas.noop.NoOpInstaller@576504fa)]
INFO	2011-12-02 12:07:52,171	pool-4-thread-1	com.ning.atlas.ActualDeployment	installing foo:init on /root.0/child.a
INFO	2011-12-02 12:07:52,171	pool-4-thread-2	com.ning.atlas.ActualDeployment	installing foo:init on /root.0/child.b
INFO	2011-12-02 12:07:52,171	main	com.ning.atlas.ActualDeployment	finished init
INFO	2011-12-02 12:07:52,171	main	com.ning.atlas.ActualDeployment	starting install
INFO	2011-12-02 12:07:52,172	pool-4-thread-1	com.ning.atlas.ActualDeployment	installing on /root.0/child.a : [(foo:install,com.ning.atlas.noop.NoOpInstaller@7db5391b)]
INFO	2011-12-02 12:07:52,172	pool-4-thread-2	com.ning.atlas.ActualDeployment	installing on /root.0/child.b : [(foo:install,com.ning.atlas.noop.NoOpInstaller@7db5391b)]
INFO	2011-12-02 12:07:52,172	pool-4-thread-1	com.ning.atlas.ActualDeployment	installing foo:install on /root.0/child.a
INFO	2011-12-02 12:07:52,172	pool-4-thread-2	com.ning.atlas.ActualDeployment	installing foo:install on /root.0/child.b
INFO	2011-12-02 12:07:52,172	main	com.ning.atlas.ActualDeployment	finished install
INFO	2011-12-02 12:07:52,172	main	com.ning.atlas.ActualDeployment	beginning unwind
INFO	2011-12-02 12:07:52,208	main	com.ning.atlas.ActualDeployment	finished unwind
INFO	2011-12-02 12:07:52,236	main	com.ning.atlas.ActualDeployment	starting provision
INFO	2011-12-02 12:07:52,236	main	com.ning.atlas.ActualDeployment	provisioning noop:happy for /root.0/child.a
INFO	2011-12-02 12:07:52,236	main	com.ning.atlas.ActualDeployment	provisioning noop:happy for /root.0/child.b
INFO	2011-12-02 12:07:52,236	main	com.ning.atlas.ActualDeployment	finished provision
INFO	2011-12-02 12:07:52,236	main	com.ning.atlas.ActualDeployment	starting init
INFO	2011-12-02 12:07:52,237	pool-5-thread-1	com.ning.atlas.ActualDeployment	installing on /root.0/child.b : [(foo:init,com.ning.atlas.noop.NoOpInstaller@3af7345b)]
INFO	2011-12-02 12:07:52,237	pool-5-thread-1	com.ning.atlas.ActualDeployment	installing foo:init on /root.0/child.b
INFO	2011-12-02 12:07:52,237	pool-5-thread-2	com.ning.atlas.ActualDeployment	installing on /root.0/child.a : [(foo:init,com.ning.atlas.noop.NoOpInstaller@3af7345b)]
INFO	2011-12-02 12:07:52,237	pool-5-thread-2	com.ning.atlas.ActualDeployment	installing foo:init on /root.0/child.a
INFO	2011-12-02 12:07:52,237	main	com.ning.atlas.ActualDeployment	finished init
INFO	2011-12-02 12:07:52,237	main	com.ning.atlas.ActualDeployment	starting install
INFO	2011-12-02 12:07:52,238	pool-5-thread-2	com.ning.atlas.ActualDeployment	installing on /root.0/child.b : [(foo:install,com.ning.atlas.noop.NoOpInstaller@3b8e609b)]
INFO	2011-12-02 12:07:52,238	pool-5-thread-1	com.ning.atlas.ActualDeployment	installing on /root.0/child.a : [(foo:install,com.ning.atlas.noop.NoOpInstaller@3b8e609b)]
INFO	2011-12-02 12:07:52,238	pool-5-thread-2	com.ning.atlas.ActualDeployment	installing foo:install on /root.0/child.b
INFO	2011-12-02 12:07:52,238	pool-5-thread-1	com.ning.atlas.ActualDeployment	installing foo:install on /root.0/child.a
INFO	2011-12-02 12:07:52,238	main	com.ning.atlas.ActualDeployment	finished install
INFO	2011-12-02 12:07:52,238	main	com.ning.atlas.ActualDeployment	beginning unwind
INFO	2011-12-02 12:07:52,238	main	com.ning.atlas.ActualDeployment	finished unwind
INFO	2011-12-02 12:07:52,240	main	com.ning.atlas.ActualDeployment	starting provision
INFO	2011-12-02 12:07:52,240	main	com.ning.atlas.ActualDeployment	provisioning noop:happy for /root.0/child.a
INFO	2011-12-02 12:07:52,240	main	com.ning.atlas.ActualDeployment	provisioning noop:happy for /root.0/child.b
INFO	2011-12-02 12:07:52,240	main	com.ning.atlas.ActualDeployment	finished provision
INFO	2011-12-02 12:07:52,241	main	com.ning.atlas.ActualDeployment	starting init
INFO	2011-12-02 12:07:52,241	pool-6-thread-1	com.ning.atlas.ActualDeployment	installing on /root.0/child.a : [(foo:init,com.ning.atlas.noop.NoOpInstaller@4b4c28db)]
INFO	2011-12-02 12:07:52,241	pool-6-thread-1	com.ning.atlas.ActualDeployment	installing foo:init on /root.0/child.a
INFO	2011-12-02 12:07:52,241	pool-6-thread-2	com.ning.atlas.ActualDeployment	installing on /root.0/child.b : [(foo:init,com.ning.atlas.noop.NoOpInstaller@4b4c28db)]
INFO	2011-12-02 12:07:52,241	pool-6-thread-2	com.ning.atlas.ActualDeployment	installing foo:init on /root.0/child.b
INFO	2011-12-02 12:07:52,242	main	com.ning.atlas.ActualDeployment	finished init
INFO	2011-12-02 12:07:52,242	main	com.ning.atlas.ActualDeployment	starting install
INFO	2011-12-02 12:07:52,242	pool-6-thread-2	com.ning.atlas.ActualDeployment	installing on /root.0/child.a : [(foo:install,com.ning.atlas.noop.NoOpInstaller@4ed9f47)]
INFO	2011-12-02 12:07:52,242	pool-6-thread-1	com.ning.atlas.ActualDeployment	installing on /root.0/child.b : [(foo:install,com.ning.atlas.noop.NoOpInstaller@4ed9f47)]
INFO	2011-12-02 12:07:52,242	pool-6-thread-2	com.ning.atlas.ActualDeployment	installing foo:install on /root.0/child.a
INFO	2011-12-02 12:07:52,242	pool-6-thread-1	com.ning.atlas.ActualDeployment	installing foo:install on /root.0/child.b
INFO	2011-12-02 12:07:52,242	main	com.ning.atlas.ActualDeployment	finished install
INFO	2011-12-02 12:07:52,242	main	com.ning.atlas.ActualDeployment	beginning unwind
INFO	2011-12-02 12:07:52,242	main	com.ning.atlas.ActualDeployment	finished unwind
INFO	2011-12-02 12:07:56,268	main	com.ning.atlas.ActualDeployment	starting provision
INFO	2011-12-02 12:07:56,268	main	com.ning.atlas.ActualDeployment	provisioning noop for /some.thing
INFO	2011-12-02 12:07:56,268	main	com.ning.atlas.ActualDeployment	finished provision
INFO	2011-12-02 12:07:56,268	main	com.ning.atlas.ActualDeployment	starting init
INFO	2011-12-02 12:07:56,269	pool-9-thread-1	com.ning.atlas.ActualDeployment	installing on /some.thing : []
INFO	2011-12-02 12:07:56,269	main	com.ning.atlas.ActualDeployment	finished init
INFO	2011-12-02 12:07:56,269	main	com.ning.atlas.ActualDeployment	starting install
INFO	2011-12-02 12:07:56,269	pool-9-thread-1	com.ning.atlas.ActualDeployment	installing on /some.thing : []
INFO	2011-12-02 12:07:56,270	main	com.ning.atlas.ActualDeployment	finished install
INFO	2011-12-02 12:07:56,270	main	com.ning.atlas.ActualDeployment	beginning unwind
INFO	2011-12-02 12:07:56,270	main	com.ning.atlas.ActualDeployment	finished unwind
